<?xml version="1.0" encoding="UTF-8"?>
<testsuite xmlns:xsi="http://www.w3.org/2001/XMLSchema-instance" xsi:noNamespaceSchemaLocation="https://maven.apache.org/surefire/maven-surefire-plugin/xsd/surefire-test-report.xsd" name="org.springframework.samples.petclinic.api.application.VisitsServiceClientIntegrationTest" time="0.336" tests="1" errors="0" skipped="0" failures="0">
  <properties>
    <property name="awt.toolkit" value="sun.awt.X11.XToolkit"/>
    <property name="java.specification.version" value="11"/>
    <property name="sun.cpu.isalist" value=""/>
    <property name="sun.jnu.encoding" value="UTF-8"/>
    <property name="java.class.path" value="/home/stu/pivotal/spring-petclinic-cloud/spring-petclinic-api-gateway/target/test-classes:/home/stu/pivotal/spring-petclinic-cloud/spring-petclinic-api-gateway/target/classes:/home/stu/.m2/repository/com/wavefront/wavefront-spring-boot-starter/2.0.1-SNAPSHOT/wavefront-spring-boot-starter-2.0.1-SNAPSHOT.jar:/home/stu/.m2/repository/com/wavefront/wavefront-spring-boot/2.0.1-SNAPSHOT/wavefront-spring-boot-2.0.1-SNAPSHOT.jar:/home/stu/.m2/repository/com/wavefront/wavefront-runtime-sdk-jvm/1.3.1/wavefront-runtime-sdk-jvm-1.3.1.jar:/home/stu/.m2/repository/com/wavefront/wavefront-internal-reporter-java/1.7.1/wavefront-internal-reporter-java-1.7.1.jar:/home/stu/.m2/repository/com/wavefront/wavefront-sdk-java/2.6.2/wavefront-sdk-java-2.6.2.jar:/home/stu/.m2/repository/org/springframework/spring-web/5.2.7.RELEASE/spring-web-5.2.7.RELEASE.jar:/home/stu/.m2/repository/com/wavefront/wavefront-opentracing-sdk-java/2.1.1/wavefront-opentracing-sdk-java-2.1.1.jar:/home/stu/.m2/repository/com/google/code/findbugs/jsr305/3.0.0/jsr305-3.0.0.jar:/home/stu/.m2/repository/io/micrometer/micrometer-registry-wavefront/1.5.1/micrometer-registry-wavefront-1.5.1.jar:/home/stu/.m2/repository/org/springframework/boot/spring-boot-devtools/2.3.1.RELEASE/spring-boot-devtools-2.3.1.RELEASE.jar:/home/stu/.m2/repository/org/springframework/boot/spring-boot/2.3.1.RELEASE/spring-boot-2.3.1.RELEASE.jar:/home/stu/.m2/repository/org/springframework/spring-context/5.2.7.RELEASE/spring-context-5.2.7.RELEASE.jar:/home/stu/.m2/repository/org/springframework/boot/spring-boot-autoconfigure/2.3.1.RELEASE/spring-boot-autoconfigure-2.3.1.RELEASE.jar:/home/stu/.m2/repository/org/springframework/boot/spring-boot-configuration-processor/2.3.1.RELEASE/spring-boot-configuration-processor-2.3.1.RELEASE.jar:/home/stu/.m2/repository/org/springframework/boot/spring-boot-starter-actuator/2.3.1.RELEASE/spring-boot-starter-actuator-2.3.1.RELEASE.jar:/home/stu/.m2/repository/org/springframework/boot/spring-boot-starter/2.3.1.RELEASE/spring-boot-starter-2.3.1.RELEASE.jar:/home/stu/.m2/repository/org/springframework/boot/spring-boot-starter-logging/2.3.1.RELEASE/spring-boot-starter-logging-2.3.1.RELEASE.jar:/home/stu/.m2/repository/ch/qos/logback/logback-classic/1.2.3/logback-classic-1.2.3.jar:/home/stu/.m2/repository/ch/qos/logback/logback-core/1.2.3/logback-core-1.2.3.jar:/home/stu/.m2/repository/org/apache/logging/log4j/log4j-to-slf4j/2.13.3/log4j-to-slf4j-2.13.3.jar:/home/stu/.m2/repository/org/apache/logging/log4j/log4j-api/2.13.3/log4j-api-2.13.3.jar:/home/stu/.m2/repository/org/slf4j/jul-to-slf4j/1.7.30/jul-to-slf4j-1.7.30.jar:/home/stu/.m2/repository/jakarta/annotation/jakarta.annotation-api/1.3.5/jakarta.annotation-api-1.3.5.jar:/home/stu/.m2/repository/org/yaml/snakeyaml/1.26/snakeyaml-1.26.jar:/home/stu/.m2/repository/org/springframework/boot/spring-boot-actuator-autoconfigure/2.3.1.RELEASE/spring-boot-actuator-autoconfigure-2.3.1.RELEASE.jar:/home/stu/.m2/repository/org/springframework/boot/spring-boot-actuator/2.3.1.RELEASE/spring-boot-actuator-2.3.1.RELEASE.jar:/home/stu/.m2/repository/com/fasterxml/jackson/datatype/jackson-datatype-jsr310/2.11.0/jackson-datatype-jsr310-2.11.0.jar:/home/stu/.m2/repository/io/micrometer/micrometer-core/1.5.1/micrometer-core-1.5.1.jar:/home/stu/.m2/repository/org/hdrhistogram/HdrHistogram/2.1.12/HdrHistogram-2.1.12.jar:/home/stu/.m2/repository/org/latencyutils/LatencyUtils/2.0.3/LatencyUtils-2.0.3.jar:/home/stu/.m2/repository/org/springframework/boot/spring-boot-starter-test/2.3.1.RELEASE/spring-boot-starter-test-2.3.1.RELEASE.jar:/home/stu/.m2/repository/org/springframework/boot/spring-boot-test/2.3.1.RELEASE/spring-boot-test-2.3.1.RELEASE.jar:/home/stu/.m2/repository/org/springframework/boot/spring-boot-test-autoconfigure/2.3.1.RELEASE/spring-boot-test-autoconfigure-2.3.1.RELEASE.jar:/home/stu/.m2/repository/com/jayway/jsonpath/json-path/2.4.0/json-path-2.4.0.jar:/home/stu/.m2/repository/net/minidev/json-smart/2.3/json-smart-2.3.jar:/home/stu/.m2/repository/net/minidev/accessors-smart/1.2/accessors-smart-1.2.jar:/home/stu/.m2/repository/org/ow2/asm/asm/5.0.4/asm-5.0.4.jar:/home/stu/.m2/repository/jakarta/xml/bind/jakarta.xml.bind-api/2.3.3/jakarta.xml.bind-api-2.3.3.jar:/home/stu/.m2/repository/jakarta/activation/jakarta.activation-api/1.2.2/jakarta.activation-api-1.2.2.jar:/home/stu/.m2/repository/org/assertj/assertj-core/3.11.1/assertj-core-3.11.1.jar:/home/stu/.m2/repository/org/hamcrest/hamcrest/2.2/hamcrest-2.2.jar:/home/stu/.m2/repository/org/junit/jupiter/junit-jupiter/5.6.2/junit-jupiter-5.6.2.jar:/home/stu/.m2/repository/org/junit/jupiter/junit-jupiter-params/5.6.2/junit-jupiter-params-5.6.2.jar:/home/stu/.m2/repository/org/junit/vintage/junit-vintage-engine/5.6.2/junit-vintage-engine-5.6.2.jar:/home/stu/.m2/repository/org/mockito/mockito-core/3.3.3/mockito-core-3.3.3.jar:/home/stu/.m2/repository/net/bytebuddy/byte-buddy/1.10.11/byte-buddy-1.10.11.jar:/home/stu/.m2/repository/net/bytebuddy/byte-buddy-agent/1.10.11/byte-buddy-agent-1.10.11.jar:/home/stu/.m2/repository/org/objenesis/objenesis/2.6/objenesis-2.6.jar:/home/stu/.m2/repository/org/mockito/mockito-junit-jupiter/3.3.3/mockito-junit-jupiter-3.3.3.jar:/home/stu/.m2/repository/org/skyscreamer/jsonassert/1.5.0/jsonassert-1.5.0.jar:/home/stu/.m2/repository/com/vaadin/external/google/android-json/0.0.20131108.vaadin1/android-json-0.0.20131108.vaadin1.jar:/home/stu/.m2/repository/org/springframework/spring-core/5.2.7.RELEASE/spring-core-5.2.7.RELEASE.jar:/home/stu/.m2/repository/org/springframework/spring-jcl/5.2.7.RELEASE/spring-jcl-5.2.7.RELEASE.jar:/home/stu/.m2/repository/org/springframework/spring-test/5.2.7.RELEASE/spring-test-5.2.7.RELEASE.jar:/home/stu/.m2/repository/org/xmlunit/xmlunit-core/2.7.0/xmlunit-core-2.7.0.jar:/home/stu/.m2/repository/org/springframework/boot/spring-boot-starter-validation/2.3.1.RELEASE/spring-boot-starter-validation-2.3.1.RELEASE.jar:/home/stu/.m2/repository/org/glassfish/jakarta.el/3.0.3/jakarta.el-3.0.3.jar:/home/stu/.m2/repository/org/hibernate/validator/hibernate-validator/6.1.5.Final/hibernate-validator-6.1.5.Final.jar:/home/stu/.m2/repository/jakarta/validation/jakarta.validation-api/2.0.2/jakarta.validation-api-2.0.2.jar:/home/stu/.m2/repository/org/jboss/logging/jboss-logging/3.4.1.Final/jboss-logging-3.4.1.Final.jar:/home/stu/.m2/repository/com/fasterxml/classmate/1.5.1/classmate-1.5.1.jar:/home/stu/.m2/repository/org/springframework/boot/spring-boot-starter-security/2.3.1.RELEASE/spring-boot-starter-security-2.3.1.RELEASE.jar:/home/stu/.m2/repository/org/springframework/spring-aop/5.2.7.RELEASE/spring-aop-5.2.7.RELEASE.jar:/home/stu/.m2/repository/org/springframework/spring-beans/5.2.7.RELEASE/spring-beans-5.2.7.RELEASE.jar:/home/stu/.m2/repository/org/springframework/security/spring-security-config/5.3.3.RELEASE/spring-security-config-5.3.3.RELEASE.jar:/home/stu/.m2/repository/org/springframework/security/spring-security-core/5.3.3.RELEASE/spring-security-core-5.3.3.RELEASE.jar:/home/stu/.m2/repository/org/springframework/security/spring-security-web/5.3.3.RELEASE/spring-security-web-5.3.3.RELEASE.jar:/home/stu/.m2/repository/org/springframework/spring-expression/5.2.7.RELEASE/spring-expression-5.2.7.RELEASE.jar:/home/stu/.m2/repository/org/springframework/cloud/spring-cloud-starter-circuitbreaker-reactor-resilience4j/1.0.3.RELEASE/spring-cloud-starter-circuitbreaker-reactor-resilience4j-1.0.3.RELEASE.jar:/home/stu/.m2/repository/org/springframework/cloud/spring-cloud-starter/2.2.3.RELEASE/spring-cloud-starter-2.2.3.RELEASE.jar:/home/stu/.m2/repository/org/springframework/cloud/spring-cloud-context/2.2.3.RELEASE/spring-cloud-context-2.2.3.RELEASE.jar:/home/stu/.m2/repository/org/springframework/security/spring-security-crypto/5.3.3.RELEASE/spring-security-crypto-5.3.3.RELEASE.jar:/home/stu/.m2/repository/org/springframework/cloud/spring-cloud-commons/2.2.3.RELEASE/spring-cloud-commons-2.2.3.RELEASE.jar:/home/stu/.m2/repository/org/springframework/security/spring-security-rsa/1.0.9.RELEASE/spring-security-rsa-1.0.9.RELEASE.jar:/home/stu/.m2/repository/org/bouncycastle/bcpkix-jdk15on/1.64/bcpkix-jdk15on-1.64.jar:/home/stu/.m2/repository/org/bouncycastle/bcprov-jdk15on/1.64/bcprov-jdk15on-1.64.jar:/home/stu/.m2/repository/org/springframework/cloud/spring-cloud-circuitbreaker-resilience4j/1.0.3.RELEASE/spring-cloud-circuitbreaker-resilience4j-1.0.3.RELEASE.jar:/home/stu/.m2/repository/io/github/resilience4j/resilience4j-circuitbreaker/1.3.1/resilience4j-circuitbreaker-1.3.1.jar:/home/stu/.m2/repository/io/github/resilience4j/resilience4j-core/1.3.1/resilience4j-core-1.3.1.jar:/home/stu/.m2/repository/io/github/resilience4j/resilience4j-timelimiter/1.3.1/resilience4j-timelimiter-1.3.1.jar:/home/stu/.m2/repository/io/github/resilience4j/resilience4j-reactor/1.3.1/resilience4j-reactor-1.3.1.jar:/home/stu/.m2/repository/org/springframework/cloud/spring-cloud-starter-config/2.2.3.RELEASE/spring-cloud-starter-config-2.2.3.RELEASE.jar:/home/stu/.m2/repository/org/springframework/cloud/spring-cloud-config-client/2.2.3.RELEASE/spring-cloud-config-client-2.2.3.RELEASE.jar:/home/stu/.m2/repository/com/fasterxml/jackson/core/jackson-annotations/2.11.0/jackson-annotations-2.11.0.jar:/home/stu/.m2/repository/com/fasterxml/jackson/core/jackson-databind/2.11.0/jackson-databind-2.11.0.jar:/home/stu/.m2/repository/org/springframework/cloud/spring-cloud-starter-sleuth/2.2.3.RELEASE/spring-cloud-starter-sleuth-2.2.3.RELEASE.jar:/home/stu/.m2/repository/org/springframework/boot/spring-boot-starter-aop/2.3.1.RELEASE/spring-boot-starter-aop-2.3.1.RELEASE.jar:/home/stu/.m2/repository/org/aspectj/aspectjweaver/1.9.5/aspectjweaver-1.9.5.jar:/home/stu/.m2/repository/org/springframework/cloud/spring-cloud-sleuth-core/2.2.3.RELEASE/spring-cloud-sleuth-core-2.2.3.RELEASE.jar:/home/stu/.m2/repository/org/aspectj/aspectjrt/1.9.5/aspectjrt-1.9.5.jar:/home/stu/.m2/repository/io/zipkin/brave/brave/5.12.3/brave-5.12.3.jar:/home/stu/.m2/repository/io/zipkin/reporter2/zipkin-reporter-brave/2.15.0/zipkin-reporter-brave-2.15.0.jar:/home/stu/.m2/repository/io/zipkin/brave/brave-context-slf4j/5.12.3/brave-context-slf4j-5.12.3.jar:/home/stu/.m2/repository/io/zipkin/brave/brave-instrumentation-messaging/5.12.3/brave-instrumentation-messaging-5.12.3.jar:/home/stu/.m2/repository/io/zipkin/brave/brave-instrumentation-rpc/5.12.3/brave-instrumentation-rpc-5.12.3.jar:/home/stu/.m2/repository/io/zipkin/brave/brave-instrumentation-spring-web/5.12.3/brave-instrumentation-spring-web-5.12.3.jar:/home/stu/.m2/repository/io/zipkin/brave/brave-instrumentation-http/5.12.3/brave-instrumentation-http-5.12.3.jar:/home/stu/.m2/repository/io/zipkin/brave/brave-instrumentation-spring-rabbit/5.12.3/brave-instrumentation-spring-rabbit-5.12.3.jar:/home/stu/.m2/repository/io/zipkin/brave/brave-instrumentation-kafka-clients/5.12.3/brave-instrumentation-kafka-clients-5.12.3.jar:/home/stu/.m2/repository/io/zipkin/brave/brave-instrumentation-kafka-streams/5.12.3/brave-instrumentation-kafka-streams-5.12.3.jar:/home/stu/.m2/repository/io/zipkin/brave/brave-instrumentation-httpclient/5.12.3/brave-instrumentation-httpclient-5.12.3.jar:/home/stu/.m2/repository/io/zipkin/brave/brave-instrumentation-httpasyncclient/5.12.3/brave-instrumentation-httpasyncclient-5.12.3.jar:/home/stu/.m2/repository/io/zipkin/brave/brave-instrumentation-spring-webmvc/5.12.3/brave-instrumentation-spring-webmvc-5.12.3.jar:/home/stu/.m2/repository/io/zipkin/brave/brave-instrumentation-servlet/5.12.3/brave-instrumentation-servlet-5.12.3.jar:/home/stu/.m2/repository/io/zipkin/brave/brave-instrumentation-jms/5.12.3/brave-instrumentation-jms-5.12.3.jar:/home/stu/.m2/repository/io/zipkin/reporter2/zipkin-reporter-metrics-micrometer/2.15.0/zipkin-reporter-metrics-micrometer-2.15.0.jar:/home/stu/.m2/repository/io/zipkin/reporter2/zipkin-reporter/2.15.0/zipkin-reporter-2.15.0.jar:/home/stu/.m2/repository/io/zipkin/zipkin2/zipkin/2.21.1/zipkin-2.21.1.jar:/home/stu/.m2/repository/org/springframework/cloud/spring-cloud-starter-gateway/2.2.3.RELEASE/spring-cloud-starter-gateway-2.2.3.RELEASE.jar:/home/stu/.m2/repository/org/springframework/cloud/spring-cloud-gateway-core/2.2.3.RELEASE/spring-cloud-gateway-core-2.2.3.RELEASE.jar:/home/stu/.m2/repository/io/projectreactor/addons/reactor-extra/3.3.3.RELEASE/reactor-extra-3.3.3.RELEASE.jar:/home/stu/.m2/repository/io/projectreactor/reactor-core/3.3.6.RELEASE/reactor-core-3.3.6.RELEASE.jar:/home/stu/.m2/repository/org/reactivestreams/reactive-streams/1.0.3/reactive-streams-1.0.3.jar:/home/stu/.m2/repository/org/springframework/boot/spring-boot-starter-webflux/2.3.1.RELEASE/spring-boot-starter-webflux-2.3.1.RELEASE.jar:/home/stu/.m2/repository/org/springframework/boot/spring-boot-starter-json/2.3.1.RELEASE/spring-boot-starter-json-2.3.1.RELEASE.jar:/home/stu/.m2/repository/com/fasterxml/jackson/datatype/jackson-datatype-jdk8/2.11.0/jackson-datatype-jdk8-2.11.0.jar:/home/stu/.m2/repository/com/fasterxml/jackson/module/jackson-module-parameter-names/2.11.0/jackson-module-parameter-names-2.11.0.jar:/home/stu/.m2/repository/org/springframework/boot/spring-boot-starter-reactor-netty/2.3.1.RELEASE/spring-boot-starter-reactor-netty-2.3.1.RELEASE.jar:/home/stu/.m2/repository/io/projectreactor/netty/reactor-netty/0.9.8.RELEASE/reactor-netty-0.9.8.RELEASE.jar:/home/stu/.m2/repository/io/netty/netty-codec-http/4.1.50.Final/netty-codec-http-4.1.50.Final.jar:/home/stu/.m2/repository/io/netty/netty-common/4.1.50.Final/netty-common-4.1.50.Final.jar:/home/stu/.m2/repository/io/netty/netty-buffer/4.1.50.Final/netty-buffer-4.1.50.Final.jar:/home/stu/.m2/repository/io/netty/netty-transport/4.1.50.Final/netty-transport-4.1.50.Final.jar:/home/stu/.m2/repository/io/netty/netty-codec/4.1.50.Final/netty-codec-4.1.50.Final.jar:/home/stu/.m2/repository/io/netty/netty-codec-http2/4.1.50.Final/netty-codec-http2-4.1.50.Final.jar:/home/stu/.m2/repository/io/netty/netty-handler/4.1.50.Final/netty-handler-4.1.50.Final.jar:/home/stu/.m2/repository/io/netty/netty-resolver/4.1.50.Final/netty-resolver-4.1.50.Final.jar:/home/stu/.m2/repository/io/netty/netty-handler-proxy/4.1.50.Final/netty-handler-proxy-4.1.50.Final.jar:/home/stu/.m2/repository/io/netty/netty-codec-socks/4.1.50.Final/netty-codec-socks-4.1.50.Final.jar:/home/stu/.m2/repository/io/netty/netty-transport-native-epoll/4.1.50.Final/netty-transport-native-epoll-4.1.50.Final-linux-x86_64.jar:/home/stu/.m2/repository/io/netty/netty-transport-native-unix-common/4.1.50.Final/netty-transport-native-unix-common-4.1.50.Final.jar:/home/stu/.m2/repository/org/springframework/spring-webflux/5.2.7.RELEASE/spring-webflux-5.2.7.RELEASE.jar:/home/stu/.m2/repository/org/synchronoss/cloud/nio-multipart-parser/1.1.0/nio-multipart-parser-1.1.0.jar:/home/stu/.m2/repository/org/synchronoss/cloud/nio-stream-storage/1.1.3/nio-stream-storage-1.1.3.jar:/home/stu/.m2/repository/org/jolokia/jolokia-core/1.6.2/jolokia-core-1.6.2.jar:/home/stu/.m2/repository/com/googlecode/json-simple/json-simple/1.1.1/json-simple-1.1.1.jar:/home/stu/.m2/repository/org/projectlombok/lombok/1.18.12/lombok-1.18.12.jar:/home/stu/.m2/repository/io/micrometer/micrometer-registry-prometheus/1.5.1/micrometer-registry-prometheus-1.5.1.jar:/home/stu/.m2/repository/io/prometheus/simpleclient_common/0.8.1/simpleclient_common-0.8.1.jar:/home/stu/.m2/repository/io/prometheus/simpleclient/0.8.1/simpleclient-0.8.1.jar:/home/stu/.m2/repository/io/github/resilience4j/resilience4j-micrometer/1.3.1/resilience4j-micrometer-1.3.1.jar:/home/stu/.m2/repository/io/vavr/vavr/0.10.2/vavr-0.10.2.jar:/home/stu/.m2/repository/io/vavr/vavr-match/0.10.2/vavr-match-0.10.2.jar:/home/stu/.m2/repository/org/slf4j/slf4j-api/1.7.30/slf4j-api-1.7.30.jar:/home/stu/.m2/repository/org/webjars/angularjs/1.6.4/angularjs-1.6.4.jar:/home/stu/.m2/repository/org/webjars/jquery/3.1.1-1/jquery-3.1.1-1.jar:/home/stu/.m2/repository/org/webjars/bootstrap/3.3.7-1/bootstrap-3.3.7-1.jar:/home/stu/.m2/repository/org/webjars/angular-ui-router/1.0.3/angular-ui-router-1.0.3.jar:/home/stu/.m2/repository/org/webjars/webjars-locator-core/0.45/webjars-locator-core-0.45.jar:/home/stu/.m2/repository/io/github/classgraph/classgraph/4.8.69/classgraph-4.8.69.jar:/home/stu/.m2/repository/com/fasterxml/jackson/core/jackson-core/2.11.0/jackson-core-2.11.0.jar:/home/stu/.m2/repository/org/junit/jupiter/junit-jupiter-api/5.6.2/junit-jupiter-api-5.6.2.jar:/home/stu/.m2/repository/org/apiguardian/apiguardian-api/1.1.0/apiguardian-api-1.1.0.jar:/home/stu/.m2/repository/org/opentest4j/opentest4j/1.2.0/opentest4j-1.2.0.jar:/home/stu/.m2/repository/org/junit/platform/junit-platform-commons/1.6.2/junit-platform-commons-1.6.2.jar:/home/stu/.m2/repository/org/junit/jupiter/junit-jupiter-engine/5.6.2/junit-jupiter-engine-5.6.2.jar:/home/stu/.m2/repository/org/junit/platform/junit-platform-engine/1.6.2/junit-platform-engine-1.6.2.jar:/home/stu/.m2/repository/com/squareup/okhttp3/mockwebserver/3.14.9/mockwebserver-3.14.9.jar:/home/stu/.m2/repository/com/squareup/okhttp3/okhttp/3.14.9/okhttp-3.14.9.jar:/home/stu/.m2/repository/com/squareup/okio/okio/1.17.2/okio-1.17.2.jar:/home/stu/.m2/repository/junit/junit/4.13/junit-4.13.jar:/home/stu/.m2/repository/org/hamcrest/hamcrest-core/2.2/hamcrest-core-2.2.jar:/home/stu/.m2/repository/org/springframework/cloud/spring-cloud-starter-kubernetes-all/1.1.3.RELEASE/spring-cloud-starter-kubernetes-all-1.1.3.RELEASE.jar:/home/stu/.m2/repository/org/springframework/cloud/spring-cloud-kubernetes-core/1.1.3.RELEASE/spring-cloud-kubernetes-core-1.1.3.RELEASE.jar:/home/stu/.m2/repository/io/fabric8/kubernetes-client/4.4.1/kubernetes-client-4.4.1.jar:/home/stu/.m2/repository/io/fabric8/kubernetes-model/4.4.1/kubernetes-model-4.4.1.jar:/home/stu/.m2/repository/io/fabric8/kubernetes-model-common/4.4.1/kubernetes-model-common-4.4.1.jar:/home/stu/.m2/repository/com/fasterxml/jackson/module/jackson-module-jaxb-annotations/2.11.0/jackson-module-jaxb-annotations-2.11.0.jar:/home/stu/.m2/repository/javax/validation/validation-api/2.0.1.Final/validation-api-2.0.1.Final.jar:/home/stu/.m2/repository/org/glassfish/javax.el/3.0.1-b11/javax.el-3.0.1-b11.jar:/home/stu/.m2/repository/javax/annotation/javax.annotation-api/1.3.2/javax.annotation-api-1.3.2.jar:/home/stu/.m2/repository/javax/xml/bind/jaxb-api/2.3.1/jaxb-api-2.3.1.jar:/home/stu/.m2/repository/javax/activation/javax.activation-api/1.2.0/javax.activation-api-1.2.0.jar:/home/stu/.m2/repository/com/squareup/okhttp3/logging-interceptor/3.14.9/logging-interceptor-3.14.9.jar:/home/stu/.m2/repository/com/fasterxml/jackson/dataformat/jackson-dataformat-yaml/2.11.0/jackson-dataformat-yaml-2.11.0.jar:/home/stu/.m2/repository/io/fabric8/zjsonpatch/0.3.0/zjsonpatch-0.3.0.jar:/home/stu/.m2/repository/com/github/mifmif/generex/1.0.2/generex-1.0.2.jar:/home/stu/.m2/repository/dk/brics/automaton/automaton/1.11-8/automaton-1.11-8.jar:/home/stu/.m2/repository/org/springframework/cloud/spring-cloud-kubernetes-config/1.1.3.RELEASE/spring-cloud-kubernetes-config-1.1.3.RELEASE.jar:/home/stu/.m2/repository/org/springframework/cloud/spring-cloud-kubernetes-discovery/1.1.3.RELEASE/spring-cloud-kubernetes-discovery-1.1.3.RELEASE.jar:"/>
    <property name="java.vm.vendor" value="Ubuntu"/>
    <property name="sun.arch.data.model" value="64"/>
    <property name="java.vendor.url" value="https://ubuntu.com/"/>
    <property name="user.timezone" value=""/>
    <property name="java.vm.specification.version" value="11"/>
    <property name="os.name" value="Linux"/>
    <property name="sun.java.launcher" value="SUN_STANDARD"/>
    <property name="sun.boot.library.path" value="/usr/lib/jvm/java-11-openjdk-amd64/lib"/>
    <property name="sun.java.command" value="/home/stu/pivotal/spring-petclinic-cloud/spring-petclinic-api-gateway/target/surefire/surefirebooter8017773378766646994.jar /home/stu/pivotal/spring-petclinic-cloud/spring-petclinic-api-gateway/target/surefire 2021-05-05T12-02-20_176-jvmRun1 surefire9080406269443976036tmp surefire_33544474133249193114tmp"/>
    <property name="jdk.debug" value="release"/>
    <property name="surefire.test.class.path" value="/home/stu/pivotal/spring-petclinic-cloud/spring-petclinic-api-gateway/target/test-classes:/home/stu/pivotal/spring-petclinic-cloud/spring-petclinic-api-gateway/target/classes:/home/stu/.m2/repository/com/wavefront/wavefront-spring-boot-starter/2.0.1-SNAPSHOT/wavefront-spring-boot-starter-2.0.1-SNAPSHOT.jar:/home/stu/.m2/repository/com/wavefront/wavefront-spring-boot/2.0.1-SNAPSHOT/wavefront-spring-boot-2.0.1-SNAPSHOT.jar:/home/stu/.m2/repository/com/wavefront/wavefront-runtime-sdk-jvm/1.3.1/wavefront-runtime-sdk-jvm-1.3.1.jar:/home/stu/.m2/repository/com/wavefront/wavefront-internal-reporter-java/1.7.1/wavefront-internal-reporter-java-1.7.1.jar:/home/stu/.m2/repository/com/wavefront/wavefront-sdk-java/2.6.2/wavefront-sdk-java-2.6.2.jar:/home/stu/.m2/repository/org/springframework/spring-web/5.2.7.RELEASE/spring-web-5.2.7.RELEASE.jar:/home/stu/.m2/repository/com/wavefront/wavefront-opentracing-sdk-java/2.1.1/wavefront-opentracing-sdk-java-2.1.1.jar:/home/stu/.m2/repository/com/google/code/findbugs/jsr305/3.0.0/jsr305-3.0.0.jar:/home/stu/.m2/repository/io/micrometer/micrometer-registry-wavefront/1.5.1/micrometer-registry-wavefront-1.5.1.jar:/home/stu/.m2/repository/org/springframework/boot/spring-boot-devtools/2.3.1.RELEASE/spring-boot-devtools-2.3.1.RELEASE.jar:/home/stu/.m2/repository/org/springframework/boot/spring-boot/2.3.1.RELEASE/spring-boot-2.3.1.RELEASE.jar:/home/stu/.m2/repository/org/springframework/spring-context/5.2.7.RELEASE/spring-context-5.2.7.RELEASE.jar:/home/stu/.m2/repository/org/springframework/boot/spring-boot-autoconfigure/2.3.1.RELEASE/spring-boot-autoconfigure-2.3.1.RELEASE.jar:/home/stu/.m2/repository/org/springframework/boot/spring-boot-configuration-processor/2.3.1.RELEASE/spring-boot-configuration-processor-2.3.1.RELEASE.jar:/home/stu/.m2/repository/org/springframework/boot/spring-boot-starter-actuator/2.3.1.RELEASE/spring-boot-starter-actuator-2.3.1.RELEASE.jar:/home/stu/.m2/repository/org/springframework/boot/spring-boot-starter/2.3.1.RELEASE/spring-boot-starter-2.3.1.RELEASE.jar:/home/stu/.m2/repository/org/springframework/boot/spring-boot-starter-logging/2.3.1.RELEASE/spring-boot-starter-logging-2.3.1.RELEASE.jar:/home/stu/.m2/repository/ch/qos/logback/logback-classic/1.2.3/logback-classic-1.2.3.jar:/home/stu/.m2/repository/ch/qos/logback/logback-core/1.2.3/logback-core-1.2.3.jar:/home/stu/.m2/repository/org/apache/logging/log4j/log4j-to-slf4j/2.13.3/log4j-to-slf4j-2.13.3.jar:/home/stu/.m2/repository/org/apache/logging/log4j/log4j-api/2.13.3/log4j-api-2.13.3.jar:/home/stu/.m2/repository/org/slf4j/jul-to-slf4j/1.7.30/jul-to-slf4j-1.7.30.jar:/home/stu/.m2/repository/jakarta/annotation/jakarta.annotation-api/1.3.5/jakarta.annotation-api-1.3.5.jar:/home/stu/.m2/repository/org/yaml/snakeyaml/1.26/snakeyaml-1.26.jar:/home/stu/.m2/repository/org/springframework/boot/spring-boot-actuator-autoconfigure/2.3.1.RELEASE/spring-boot-actuator-autoconfigure-2.3.1.RELEASE.jar:/home/stu/.m2/repository/org/springframework/boot/spring-boot-actuator/2.3.1.RELEASE/spring-boot-actuator-2.3.1.RELEASE.jar:/home/stu/.m2/repository/com/fasterxml/jackson/datatype/jackson-datatype-jsr310/2.11.0/jackson-datatype-jsr310-2.11.0.jar:/home/stu/.m2/repository/io/micrometer/micrometer-core/1.5.1/micrometer-core-1.5.1.jar:/home/stu/.m2/repository/org/hdrhistogram/HdrHistogram/2.1.12/HdrHistogram-2.1.12.jar:/home/stu/.m2/repository/org/latencyutils/LatencyUtils/2.0.3/LatencyUtils-2.0.3.jar:/home/stu/.m2/repository/org/springframework/boot/spring-boot-starter-test/2.3.1.RELEASE/spring-boot-starter-test-2.3.1.RELEASE.jar:/home/stu/.m2/repository/org/springframework/boot/spring-boot-test/2.3.1.RELEASE/spring-boot-test-2.3.1.RELEASE.jar:/home/stu/.m2/repository/org/springframework/boot/spring-boot-test-autoconfigure/2.3.1.RELEASE/spring-boot-test-autoconfigure-2.3.1.RELEASE.jar:/home/stu/.m2/repository/com/jayway/jsonpath/json-path/2.4.0/json-path-2.4.0.jar:/home/stu/.m2/repository/net/minidev/json-smart/2.3/json-smart-2.3.jar:/home/stu/.m2/repository/net/minidev/accessors-smart/1.2/accessors-smart-1.2.jar:/home/stu/.m2/repository/org/ow2/asm/asm/5.0.4/asm-5.0.4.jar:/home/stu/.m2/repository/jakarta/xml/bind/jakarta.xml.bind-api/2.3.3/jakarta.xml.bind-api-2.3.3.jar:/home/stu/.m2/repository/jakarta/activation/jakarta.activation-api/1.2.2/jakarta.activation-api-1.2.2.jar:/home/stu/.m2/repository/org/assertj/assertj-core/3.11.1/assertj-core-3.11.1.jar:/home/stu/.m2/repository/org/hamcrest/hamcrest/2.2/hamcrest-2.2.jar:/home/stu/.m2/repository/org/junit/jupiter/junit-jupiter/5.6.2/junit-jupiter-5.6.2.jar:/home/stu/.m2/repository/org/junit/jupiter/junit-jupiter-params/5.6.2/junit-jupiter-params-5.6.2.jar:/home/stu/.m2/repository/org/junit/vintage/junit-vintage-engine/5.6.2/junit-vintage-engine-5.6.2.jar:/home/stu/.m2/repository/org/mockito/mockito-core/3.3.3/mockito-core-3.3.3.jar:/home/stu/.m2/repository/net/bytebuddy/byte-buddy/1.10.11/byte-buddy-1.10.11.jar:/home/stu/.m2/repository/net/bytebuddy/byte-buddy-agent/1.10.11/byte-buddy-agent-1.10.11.jar:/home/stu/.m2/repository/org/objenesis/objenesis/2.6/objenesis-2.6.jar:/home/stu/.m2/repository/org/mockito/mockito-junit-jupiter/3.3.3/mockito-junit-jupiter-3.3.3.jar:/home/stu/.m2/repository/org/skyscreamer/jsonassert/1.5.0/jsonassert-1.5.0.jar:/home/stu/.m2/repository/com/vaadin/external/google/android-json/0.0.20131108.vaadin1/android-json-0.0.20131108.vaadin1.jar:/home/stu/.m2/repository/org/springframework/spring-core/5.2.7.RELEASE/spring-core-5.2.7.RELEASE.jar:/home/stu/.m2/repository/org/springframework/spring-jcl/5.2.7.RELEASE/spring-jcl-5.2.7.RELEASE.jar:/home/stu/.m2/repository/org/springframework/spring-test/5.2.7.RELEASE/spring-test-5.2.7.RELEASE.jar:/home/stu/.m2/repository/org/xmlunit/xmlunit-core/2.7.0/xmlunit-core-2.7.0.jar:/home/stu/.m2/repository/org/springframework/boot/spring-boot-starter-validation/2.3.1.RELEASE/spring-boot-starter-validation-2.3.1.RELEASE.jar:/home/stu/.m2/repository/org/glassfish/jakarta.el/3.0.3/jakarta.el-3.0.3.jar:/home/stu/.m2/repository/org/hibernate/validator/hibernate-validator/6.1.5.Final/hibernate-validator-6.1.5.Final.jar:/home/stu/.m2/repository/jakarta/validation/jakarta.validation-api/2.0.2/jakarta.validation-api-2.0.2.jar:/home/stu/.m2/repository/org/jboss/logging/jboss-logging/3.4.1.Final/jboss-logging-3.4.1.Final.jar:/home/stu/.m2/repository/com/fasterxml/classmate/1.5.1/classmate-1.5.1.jar:/home/stu/.m2/repository/org/springframework/boot/spring-boot-starter-security/2.3.1.RELEASE/spring-boot-starter-security-2.3.1.RELEASE.jar:/home/stu/.m2/repository/org/springframework/spring-aop/5.2.7.RELEASE/spring-aop-5.2.7.RELEASE.jar:/home/stu/.m2/repository/org/springframework/spring-beans/5.2.7.RELEASE/spring-beans-5.2.7.RELEASE.jar:/home/stu/.m2/repository/org/springframework/security/spring-security-config/5.3.3.RELEASE/spring-security-config-5.3.3.RELEASE.jar:/home/stu/.m2/repository/org/springframework/security/spring-security-core/5.3.3.RELEASE/spring-security-core-5.3.3.RELEASE.jar:/home/stu/.m2/repository/org/springframework/security/spring-security-web/5.3.3.RELEASE/spring-security-web-5.3.3.RELEASE.jar:/home/stu/.m2/repository/org/springframework/spring-expression/5.2.7.RELEASE/spring-expression-5.2.7.RELEASE.jar:/home/stu/.m2/repository/org/springframework/cloud/spring-cloud-starter-circuitbreaker-reactor-resilience4j/1.0.3.RELEASE/spring-cloud-starter-circuitbreaker-reactor-resilience4j-1.0.3.RELEASE.jar:/home/stu/.m2/repository/org/springframework/cloud/spring-cloud-starter/2.2.3.RELEASE/spring-cloud-starter-2.2.3.RELEASE.jar:/home/stu/.m2/repository/org/springframework/cloud/spring-cloud-context/2.2.3.RELEASE/spring-cloud-context-2.2.3.RELEASE.jar:/home/stu/.m2/repository/org/springframework/security/spring-security-crypto/5.3.3.RELEASE/spring-security-crypto-5.3.3.RELEASE.jar:/home/stu/.m2/repository/org/springframework/cloud/spring-cloud-commons/2.2.3.RELEASE/spring-cloud-commons-2.2.3.RELEASE.jar:/home/stu/.m2/repository/org/springframework/security/spring-security-rsa/1.0.9.RELEASE/spring-security-rsa-1.0.9.RELEASE.jar:/home/stu/.m2/repository/org/bouncycastle/bcpkix-jdk15on/1.64/bcpkix-jdk15on-1.64.jar:/home/stu/.m2/repository/org/bouncycastle/bcprov-jdk15on/1.64/bcprov-jdk15on-1.64.jar:/home/stu/.m2/repository/org/springframework/cloud/spring-cloud-circuitbreaker-resilience4j/1.0.3.RELEASE/spring-cloud-circuitbreaker-resilience4j-1.0.3.RELEASE.jar:/home/stu/.m2/repository/io/github/resilience4j/resilience4j-circuitbreaker/1.3.1/resilience4j-circuitbreaker-1.3.1.jar:/home/stu/.m2/repository/io/github/resilience4j/resilience4j-core/1.3.1/resilience4j-core-1.3.1.jar:/home/stu/.m2/repository/io/github/resilience4j/resilience4j-timelimiter/1.3.1/resilience4j-timelimiter-1.3.1.jar:/home/stu/.m2/repository/io/github/resilience4j/resilience4j-reactor/1.3.1/resilience4j-reactor-1.3.1.jar:/home/stu/.m2/repository/org/springframework/cloud/spring-cloud-starter-config/2.2.3.RELEASE/spring-cloud-starter-config-2.2.3.RELEASE.jar:/home/stu/.m2/repository/org/springframework/cloud/spring-cloud-config-client/2.2.3.RELEASE/spring-cloud-config-client-2.2.3.RELEASE.jar:/home/stu/.m2/repository/com/fasterxml/jackson/core/jackson-annotations/2.11.0/jackson-annotations-2.11.0.jar:/home/stu/.m2/repository/com/fasterxml/jackson/core/jackson-databind/2.11.0/jackson-databind-2.11.0.jar:/home/stu/.m2/repository/org/springframework/cloud/spring-cloud-starter-sleuth/2.2.3.RELEASE/spring-cloud-starter-sleuth-2.2.3.RELEASE.jar:/home/stu/.m2/repository/org/springframework/boot/spring-boot-starter-aop/2.3.1.RELEASE/spring-boot-starter-aop-2.3.1.RELEASE.jar:/home/stu/.m2/repository/org/aspectj/aspectjweaver/1.9.5/aspectjweaver-1.9.5.jar:/home/stu/.m2/repository/org/springframework/cloud/spring-cloud-sleuth-core/2.2.3.RELEASE/spring-cloud-sleuth-core-2.2.3.RELEASE.jar:/home/stu/.m2/repository/org/aspectj/aspectjrt/1.9.5/aspectjrt-1.9.5.jar:/home/stu/.m2/repository/io/zipkin/brave/brave/5.12.3/brave-5.12.3.jar:/home/stu/.m2/repository/io/zipkin/reporter2/zipkin-reporter-brave/2.15.0/zipkin-reporter-brave-2.15.0.jar:/home/stu/.m2/repository/io/zipkin/brave/brave-context-slf4j/5.12.3/brave-context-slf4j-5.12.3.jar:/home/stu/.m2/repository/io/zipkin/brave/brave-instrumentation-messaging/5.12.3/brave-instrumentation-messaging-5.12.3.jar:/home/stu/.m2/repository/io/zipkin/brave/brave-instrumentation-rpc/5.12.3/brave-instrumentation-rpc-5.12.3.jar:/home/stu/.m2/repository/io/zipkin/brave/brave-instrumentation-spring-web/5.12.3/brave-instrumentation-spring-web-5.12.3.jar:/home/stu/.m2/repository/io/zipkin/brave/brave-instrumentation-http/5.12.3/brave-instrumentation-http-5.12.3.jar:/home/stu/.m2/repository/io/zipkin/brave/brave-instrumentation-spring-rabbit/5.12.3/brave-instrumentation-spring-rabbit-5.12.3.jar:/home/stu/.m2/repository/io/zipkin/brave/brave-instrumentation-kafka-clients/5.12.3/brave-instrumentation-kafka-clients-5.12.3.jar:/home/stu/.m2/repository/io/zipkin/brave/brave-instrumentation-kafka-streams/5.12.3/brave-instrumentation-kafka-streams-5.12.3.jar:/home/stu/.m2/repository/io/zipkin/brave/brave-instrumentation-httpclient/5.12.3/brave-instrumentation-httpclient-5.12.3.jar:/home/stu/.m2/repository/io/zipkin/brave/brave-instrumentation-httpasyncclient/5.12.3/brave-instrumentation-httpasyncclient-5.12.3.jar:/home/stu/.m2/repository/io/zipkin/brave/brave-instrumentation-spring-webmvc/5.12.3/brave-instrumentation-spring-webmvc-5.12.3.jar:/home/stu/.m2/repository/io/zipkin/brave/brave-instrumentation-servlet/5.12.3/brave-instrumentation-servlet-5.12.3.jar:/home/stu/.m2/repository/io/zipkin/brave/brave-instrumentation-jms/5.12.3/brave-instrumentation-jms-5.12.3.jar:/home/stu/.m2/repository/io/zipkin/reporter2/zipkin-reporter-metrics-micrometer/2.15.0/zipkin-reporter-metrics-micrometer-2.15.0.jar:/home/stu/.m2/repository/io/zipkin/reporter2/zipkin-reporter/2.15.0/zipkin-reporter-2.15.0.jar:/home/stu/.m2/repository/io/zipkin/zipkin2/zipkin/2.21.1/zipkin-2.21.1.jar:/home/stu/.m2/repository/org/springframework/cloud/spring-cloud-starter-gateway/2.2.3.RELEASE/spring-cloud-starter-gateway-2.2.3.RELEASE.jar:/home/stu/.m2/repository/org/springframework/cloud/spring-cloud-gateway-core/2.2.3.RELEASE/spring-cloud-gateway-core-2.2.3.RELEASE.jar:/home/stu/.m2/repository/io/projectreactor/addons/reactor-extra/3.3.3.RELEASE/reactor-extra-3.3.3.RELEASE.jar:/home/stu/.m2/repository/io/projectreactor/reactor-core/3.3.6.RELEASE/reactor-core-3.3.6.RELEASE.jar:/home/stu/.m2/repository/org/reactivestreams/reactive-streams/1.0.3/reactive-streams-1.0.3.jar:/home/stu/.m2/repository/org/springframework/boot/spring-boot-starter-webflux/2.3.1.RELEASE/spring-boot-starter-webflux-2.3.1.RELEASE.jar:/home/stu/.m2/repository/org/springframework/boot/spring-boot-starter-json/2.3.1.RELEASE/spring-boot-starter-json-2.3.1.RELEASE.jar:/home/stu/.m2/repository/com/fasterxml/jackson/datatype/jackson-datatype-jdk8/2.11.0/jackson-datatype-jdk8-2.11.0.jar:/home/stu/.m2/repository/com/fasterxml/jackson/module/jackson-module-parameter-names/2.11.0/jackson-module-parameter-names-2.11.0.jar:/home/stu/.m2/repository/org/springframework/boot/spring-boot-starter-reactor-netty/2.3.1.RELEASE/spring-boot-starter-reactor-netty-2.3.1.RELEASE.jar:/home/stu/.m2/repository/io/projectreactor/netty/reactor-netty/0.9.8.RELEASE/reactor-netty-0.9.8.RELEASE.jar:/home/stu/.m2/repository/io/netty/netty-codec-http/4.1.50.Final/netty-codec-http-4.1.50.Final.jar:/home/stu/.m2/repository/io/netty/netty-common/4.1.50.Final/netty-common-4.1.50.Final.jar:/home/stu/.m2/repository/io/netty/netty-buffer/4.1.50.Final/netty-buffer-4.1.50.Final.jar:/home/stu/.m2/repository/io/netty/netty-transport/4.1.50.Final/netty-transport-4.1.50.Final.jar:/home/stu/.m2/repository/io/netty/netty-codec/4.1.50.Final/netty-codec-4.1.50.Final.jar:/home/stu/.m2/repository/io/netty/netty-codec-http2/4.1.50.Final/netty-codec-http2-4.1.50.Final.jar:/home/stu/.m2/repository/io/netty/netty-handler/4.1.50.Final/netty-handler-4.1.50.Final.jar:/home/stu/.m2/repository/io/netty/netty-resolver/4.1.50.Final/netty-resolver-4.1.50.Final.jar:/home/stu/.m2/repository/io/netty/netty-handler-proxy/4.1.50.Final/netty-handler-proxy-4.1.50.Final.jar:/home/stu/.m2/repository/io/netty/netty-codec-socks/4.1.50.Final/netty-codec-socks-4.1.50.Final.jar:/home/stu/.m2/repository/io/netty/netty-transport-native-epoll/4.1.50.Final/netty-transport-native-epoll-4.1.50.Final-linux-x86_64.jar:/home/stu/.m2/repository/io/netty/netty-transport-native-unix-common/4.1.50.Final/netty-transport-native-unix-common-4.1.50.Final.jar:/home/stu/.m2/repository/org/springframework/spring-webflux/5.2.7.RELEASE/spring-webflux-5.2.7.RELEASE.jar:/home/stu/.m2/repository/org/synchronoss/cloud/nio-multipart-parser/1.1.0/nio-multipart-parser-1.1.0.jar:/home/stu/.m2/repository/org/synchronoss/cloud/nio-stream-storage/1.1.3/nio-stream-storage-1.1.3.jar:/home/stu/.m2/repository/org/jolokia/jolokia-core/1.6.2/jolokia-core-1.6.2.jar:/home/stu/.m2/repository/com/googlecode/json-simple/json-simple/1.1.1/json-simple-1.1.1.jar:/home/stu/.m2/repository/org/projectlombok/lombok/1.18.12/lombok-1.18.12.jar:/home/stu/.m2/repository/io/micrometer/micrometer-registry-prometheus/1.5.1/micrometer-registry-prometheus-1.5.1.jar:/home/stu/.m2/repository/io/prometheus/simpleclient_common/0.8.1/simpleclient_common-0.8.1.jar:/home/stu/.m2/repository/io/prometheus/simpleclient/0.8.1/simpleclient-0.8.1.jar:/home/stu/.m2/repository/io/github/resilience4j/resilience4j-micrometer/1.3.1/resilience4j-micrometer-1.3.1.jar:/home/stu/.m2/repository/io/vavr/vavr/0.10.2/vavr-0.10.2.jar:/home/stu/.m2/repository/io/vavr/vavr-match/0.10.2/vavr-match-0.10.2.jar:/home/stu/.m2/repository/org/slf4j/slf4j-api/1.7.30/slf4j-api-1.7.30.jar:/home/stu/.m2/repository/org/webjars/angularjs/1.6.4/angularjs-1.6.4.jar:/home/stu/.m2/repository/org/webjars/jquery/3.1.1-1/jquery-3.1.1-1.jar:/home/stu/.m2/repository/org/webjars/bootstrap/3.3.7-1/bootstrap-3.3.7-1.jar:/home/stu/.m2/repository/org/webjars/angular-ui-router/1.0.3/angular-ui-router-1.0.3.jar:/home/stu/.m2/repository/org/webjars/webjars-locator-core/0.45/webjars-locator-core-0.45.jar:/home/stu/.m2/repository/io/github/classgraph/classgraph/4.8.69/classgraph-4.8.69.jar:/home/stu/.m2/repository/com/fasterxml/jackson/core/jackson-core/2.11.0/jackson-core-2.11.0.jar:/home/stu/.m2/repository/org/junit/jupiter/junit-jupiter-api/5.6.2/junit-jupiter-api-5.6.2.jar:/home/stu/.m2/repository/org/apiguardian/apiguardian-api/1.1.0/apiguardian-api-1.1.0.jar:/home/stu/.m2/repository/org/opentest4j/opentest4j/1.2.0/opentest4j-1.2.0.jar:/home/stu/.m2/repository/org/junit/platform/junit-platform-commons/1.6.2/junit-platform-commons-1.6.2.jar:/home/stu/.m2/repository/org/junit/jupiter/junit-jupiter-engine/5.6.2/junit-jupiter-engine-5.6.2.jar:/home/stu/.m2/repository/org/junit/platform/junit-platform-engine/1.6.2/junit-platform-engine-1.6.2.jar:/home/stu/.m2/repository/com/squareup/okhttp3/mockwebserver/3.14.9/mockwebserver-3.14.9.jar:/home/stu/.m2/repository/com/squareup/okhttp3/okhttp/3.14.9/okhttp-3.14.9.jar:/home/stu/.m2/repository/com/squareup/okio/okio/1.17.2/okio-1.17.2.jar:/home/stu/.m2/repository/junit/junit/4.13/junit-4.13.jar:/home/stu/.m2/repository/org/hamcrest/hamcrest-core/2.2/hamcrest-core-2.2.jar:/home/stu/.m2/repository/org/springframework/cloud/spring-cloud-starter-kubernetes-all/1.1.3.RELEASE/spring-cloud-starter-kubernetes-all-1.1.3.RELEASE.jar:/home/stu/.m2/repository/org/springframework/cloud/spring-cloud-kubernetes-core/1.1.3.RELEASE/spring-cloud-kubernetes-core-1.1.3.RELEASE.jar:/home/stu/.m2/repository/io/fabric8/kubernetes-client/4.4.1/kubernetes-client-4.4.1.jar:/home/stu/.m2/repository/io/fabric8/kubernetes-model/4.4.1/kubernetes-model-4.4.1.jar:/home/stu/.m2/repository/io/fabric8/kubernetes-model-common/4.4.1/kubernetes-model-common-4.4.1.jar:/home/stu/.m2/repository/com/fasterxml/jackson/module/jackson-module-jaxb-annotations/2.11.0/jackson-module-jaxb-annotations-2.11.0.jar:/home/stu/.m2/repository/javax/validation/validation-api/2.0.1.Final/validation-api-2.0.1.Final.jar:/home/stu/.m2/repository/org/glassfish/javax.el/3.0.1-b11/javax.el-3.0.1-b11.jar:/home/stu/.m2/repository/javax/annotation/javax.annotation-api/1.3.2/javax.annotation-api-1.3.2.jar:/home/stu/.m2/repository/javax/xml/bind/jaxb-api/2.3.1/jaxb-api-2.3.1.jar:/home/stu/.m2/repository/javax/activation/javax.activation-api/1.2.0/javax.activation-api-1.2.0.jar:/home/stu/.m2/repository/com/squareup/okhttp3/logging-interceptor/3.14.9/logging-interceptor-3.14.9.jar:/home/stu/.m2/repository/com/fasterxml/jackson/dataformat/jackson-dataformat-yaml/2.11.0/jackson-dataformat-yaml-2.11.0.jar:/home/stu/.m2/repository/io/fabric8/zjsonpatch/0.3.0/zjsonpatch-0.3.0.jar:/home/stu/.m2/repository/com/github/mifmif/generex/1.0.2/generex-1.0.2.jar:/home/stu/.m2/repository/dk/brics/automaton/automaton/1.11-8/automaton-1.11-8.jar:/home/stu/.m2/repository/org/springframework/cloud/spring-cloud-kubernetes-config/1.1.3.RELEASE/spring-cloud-kubernetes-config-1.1.3.RELEASE.jar:/home/stu/.m2/repository/org/springframework/cloud/spring-cloud-kubernetes-discovery/1.1.3.RELEASE/spring-cloud-kubernetes-discovery-1.1.3.RELEASE.jar:"/>
    <property name="sun.cpu.endian" value="little"/>
    <property name="user.home" value="/home/stu"/>
    <property name="user.language" value="en"/>
    <property name="java.specification.vendor" value="Oracle Corporation"/>
    <property name="java.version.date" value="2021-04-20"/>
    <property name="java.home" value="/usr/lib/jvm/java-11-openjdk-amd64"/>
    <property name="file.separator" value="/"/>
    <property name="basedir" value="/home/stu/pivotal/spring-petclinic-cloud/spring-petclinic-api-gateway"/>
    <property name="java.vm.compressedOopsMode" value="Zero based"/>
    <property name="line.separator" value="&#10;"/>
    <property name="java.specification.name" value="Java Platform API Specification"/>
    <property name="java.vm.specification.vendor" value="Oracle Corporation"/>
    <property name="java.awt.graphicsenv" value="sun.awt.X11GraphicsEnvironment"/>
    <property name="surefire.real.class.path" value="/home/stu/pivotal/spring-petclinic-cloud/spring-petclinic-api-gateway/target/surefire/surefirebooter8017773378766646994.jar"/>
    <property name="sun.management.compiler" value="HotSpot 64-Bit Tiered Compilers"/>
    <property name="java.runtime.version" value="11.0.11+9-Ubuntu-0ubuntu2.18.04"/>
    <property name="user.name" value="stu"/>
    <property name="path.separator" value=":"/>
    <property name="os.version" value="4.19.104-microsoft-standard"/>
    <property name="java.runtime.name" value="OpenJDK Runtime Environment"/>
    <property name="file.encoding" value="UTF-8"/>
    <property name="java.vm.name" value="OpenJDK 64-Bit Server VM"/>
    <property name="localRepository" value="/home/stu/.m2/repository"/>
    <property name="java.vendor.url.bug" value="https://bugs.launchpad.net/ubuntu/+source/openjdk-lts"/>
    <property name="java.io.tmpdir" value="/tmp"/>
    <property name="java.version" value="11.0.11"/>
    <property name="user.dir" value="/home/stu/pivotal/spring-petclinic-cloud/spring-petclinic-api-gateway"/>
    <property name="os.arch" value="amd64"/>
    <property name="java.vm.specification.name" value="Java Virtual Machine Specification"/>
    <property name="java.awt.printerjob" value="sun.print.PSPrinterJob"/>
    <property name="sun.os.patch.level" value="unknown"/>
    <property name="java.library.path" value="/usr/java/packages/lib:/usr/lib/x86_64-linux-gnu/jni:/lib/x86_64-linux-gnu:/usr/lib/x86_64-linux-gnu:/usr/lib/jni:/lib:/usr/lib"/>
    <property name="java.vm.info" value="mixed mode, sharing"/>
    <property name="java.vendor" value="Ubuntu"/>
    <property name="java.vm.version" value="11.0.11+9-Ubuntu-0ubuntu2.18.04"/>
    <property name="REPOSITORY_PREFIX" value="parasubvert"/>
    <property name="sun.io.unicode.encoding" value="UnicodeLittle"/>
    <property name="java.class.version" value="55.0"/>
  </properties>
  <testcase name="getVisitsForPets_withAvailableVisitsService" classname="org.springframework.samples.petclinic.api.application.VisitsServiceClientIntegrationTest" time="0.335"/>
</testsuite>